Exporter version: 3.3.2, Blender version: 3.6.5
========= Conversion from Blender to Babylon.js =========
	Scene settings used :
		Inline textures     :  false
		Material Type       :  PBR
		Positions Precision :  4
		Normals Precision   :  3
		UVs Precision       :  3
		Vert Color Precision:  3
		Mat Weight Precision:  2
		Keep Z-up r-handed  :  no
		Texture directory   :  C:\Users\wanho\Documents\babylonshig\my-app\public\
	Python World class constructor completed
	WARNING: No active camera has been assigned, or is not in a currently enabled collection
	processing begun of skeleton:  Character, id:  0
		processing begun of bone:  mixamorig:Hips, index:  0
		processing begun of bone:  mixamorig:Spine, index:  1
		processing begun of bone:  mixamorig:Spine1, index:  2
		processing begun of bone:  mixamorig:Spine2, index:  3
		processing begun of bone:  mixamorig:Neck, index:  4
		processing begun of bone:  mixamorig:Head, index:  5
		processing begun of bone:  mixamorig:HeadTop_End, index:  6
		processing begun of bone:  mixamorig:LeftShoulder, index:  7
		processing begun of bone:  mixamorig:LeftArm, index:  8
		processing begun of bone:  mixamorig:LeftForeArm, index:  9
		processing begun of bone:  mixamorig:LeftHand, index:  10
		processing begun of bone:  mixamorig:LeftHandThumb1, index:  11
		processing begun of bone:  mixamorig:LeftHandThumb2, index:  12
		processing begun of bone:  mixamorig:LeftHandThumb3, index:  13
		processing begun of bone:  mixamorig:LeftHandThumb4, index:  14
		processing begun of bone:  mixamorig:LeftHandIndex1, index:  15
		processing begun of bone:  mixamorig:LeftHandIndex2, index:  16
		processing begun of bone:  mixamorig:LeftHandIndex3, index:  17
		processing begun of bone:  mixamorig:LeftHandIndex4, index:  18
		processing begun of bone:  mixamorig:LeftHandMiddle1, index:  19
		processing begun of bone:  mixamorig:LeftHandMiddle2, index:  20
		processing begun of bone:  mixamorig:LeftHandMiddle3, index:  21
		processing begun of bone:  mixamorig:LeftHandMiddle4, index:  22
		processing begun of bone:  mixamorig:LeftHandRing1, index:  23
		processing begun of bone:  mixamorig:LeftHandRing2, index:  24
		processing begun of bone:  mixamorig:LeftHandRing3, index:  25
		processing begun of bone:  mixamorig:LeftHandRing4, index:  26
		processing begun of bone:  mixamorig:LeftHandPinky1, index:  27
		processing begun of bone:  mixamorig:LeftHandPinky2, index:  28
		processing begun of bone:  mixamorig:LeftHandPinky3, index:  29
		processing begun of bone:  mixamorig:LeftHandPinky4, index:  30
		processing begun of bone:  mixamorig:RightShoulder, index:  31
		processing begun of bone:  mixamorig:RightArm, index:  32
		processing begun of bone:  mixamorig:RightForeArm, index:  33
		processing begun of bone:  mixamorig:RightHand, index:  34
		processing begun of bone:  mixamorig:RightHandThumb1, index:  35
		processing begun of bone:  mixamorig:RightHandThumb2, index:  36
		processing begun of bone:  mixamorig:RightHandThumb3, index:  37
		processing begun of bone:  mixamorig:RightHandThumb4, index:  38
		processing begun of bone:  mixamorig:RightHandIndex1, index:  39
		processing begun of bone:  mixamorig:RightHandIndex2, index:  40
		processing begun of bone:  mixamorig:RightHandIndex3, index:  41
		processing begun of bone:  mixamorig:RightHandIndex4, index:  42
		processing begun of bone:  mixamorig:RightHandMiddle1, index:  43
		processing begun of bone:  mixamorig:RightHandMiddle2, index:  44
		processing begun of bone:  mixamorig:RightHandMiddle3, index:  45
		processing begun of bone:  mixamorig:RightHandMiddle4, index:  46
		processing begun of bone:  mixamorig:RightHandRing1, index:  47
		processing begun of bone:  mixamorig:RightHandRing2, index:  48
		processing begun of bone:  mixamorig:RightHandRing3, index:  49
		processing begun of bone:  mixamorig:RightHandRing4, index:  50
		processing begun of bone:  mixamorig:RightHandPinky1, index:  51
		processing begun of bone:  mixamorig:RightHandPinky2, index:  52
		processing begun of bone:  mixamorig:RightHandPinky3, index:  53
		processing begun of bone:  mixamorig:RightHandPinky4, index:  54
		processing begun of bone:  mixamorig:LeftUpLeg, index:  55
		processing begun of bone:  mixamorig:LeftLeg, index:  56
		processing begun of bone:  mixamorig:LeftFoot, index:  57
		processing begun of bone:  mixamorig:LeftToeBase, index:  58
		processing begun of bone:  mixamorig:LeftToe_End, index:  59
		processing begun of bone:  mixamorig:RightUpLeg, index:  60
		processing begun of bone:  mixamorig:RightLeg, index:  61
		processing begun of bone:  mixamorig:RightFoot, index:  62
		processing begun of bone:  mixamorig:RightToeBase, index:  63
		processing begun of bone:  mixamorig:RightToe_End, index:  64
		processing action Armature|mixamo.com|Layer0:  in[1 - 32], out[0 - 32]
		processing action Armature|mixamo.com|Layer0.001:  in[1 - 63], out[40 - 103]
		processing action Armature|mixamo.com|Layer0.002:  in[1 - 63], out[110 - 173]
		processing action Armature|mixamo.com|Layer0.003:  in[1 - 63], out[180 - 243]
		processing action Armature|mixamo.com|Layer0.004:  in[1 - 63], out[250 - 313]
		processing action Armature|mixamo.com|Layer0.005:  in[1 - 63], out[320 - 383]
		processing action walking:  in[1 - 63], out[390 - 453]
		processing action walking.001:  in[1 - 63], out[460 - 523]
		processing action walking.002:  in[1 - 63], out[530 - 593]
		processing action walking.003:  in[1 - 63], out[600 - 663]
		processing action walking.004:  in[1 - 63], out[670 - 733]
	processing begun of mesh:  Alpha_Surface
		processing begun of material:  base
		processing begun of material:  knee_extensor
		processing begun of material:  tib_ant
		processing begun of material:  hammies
		processing begun of material:  gastrocs
		processing begun of material:  hip_extensors
		processing begun of material:  soleus
		processing begun of multimaterial:  texture_multiple.Multimaterial#0
		Custom split normals with tangents being used
		num positions      :  33202
		num normals        :  33202
		num tangents       :  132808
		num uvs            :  66404
		num uvs2           :  0
		num colors         :  0
		num triangles      :  34480
		Skeleton stats:  
			Total Influencers:  40458
			Avg # of influencers per vertex:  1.2185
			Highest # of influencers observed:  4, num vertices with this:  73
			exported as 4 influencers
			num skeletonWeights and skeletonIndices:  132808
	processing begun of mesh:  Alpha_Joints
		processing begun of material:  base
		registered as also a user of material:  base
		Custom split normals with tangents being used
		num positions      :  13655
		num normals        :  13655
		num tangents       :  54620
		num uvs            :  27310
		num uvs2           :  0
		num colors         :  0
		num triangles      :  20840
		Skeleton stats:  
			Total Influencers:  13655
			Avg # of influencers per vertex:  1
			Highest # of influencers observed:  1, num vertices with this:  13655
			exported as 1 influencers
			num skeletonWeights and skeletonIndices:  54620
========= Writing of JSON file started =========
	writing mesh:  Alpha_Surface
	writing mesh:  Alpha_Joints
========= Writing of JSON file completed =========
========= end of processing =========
elapsed time:  0 min, 44.3231 secs
